0 info it worked if it ends with ok
1 verbose cli [ '/Users/timothymalcham/.nvm/versions/io.js/v1.7.1/bin/iojs',
1 verbose cli   '/Users/timothymalcham/.nvm/versions/io.js/v1.7.1/bin/npm',
1 verbose cli   'install' ]
2 info using npm@2.13.3
3 info using node@v1.7.1
4 verbose readDependencies loading dependencies from /Users/timothymalcham/dev/personal-site/package.json
5 error install Couldn't read dependencies
6 verbose stack Error: Invalid name: "Personal Site"
6 verbose stack     at ensureValidName (/Users/timothymalcham/.nvm/versions/io.js/v1.7.1/lib/node_modules/npm/node_modules/normalize-package-data/lib/fixer.js:331:15)
6 verbose stack     at Object.module.exports.fixNameField (/Users/timothymalcham/.nvm/versions/io.js/v1.7.1/lib/node_modules/npm/node_modules/normalize-package-data/lib/fixer.js:210:5)
6 verbose stack     at /Users/timothymalcham/.nvm/versions/io.js/v1.7.1/lib/node_modules/npm/node_modules/normalize-package-data/lib/normalize.js:32:38
6 verbose stack     at Array.forEach (native)
6 verbose stack     at normalize (/Users/timothymalcham/.nvm/versions/io.js/v1.7.1/lib/node_modules/npm/node_modules/normalize-package-data/lib/normalize.js:31:15)
6 verbose stack     at final (/Users/timothymalcham/.nvm/versions/io.js/v1.7.1/lib/node_modules/npm/node_modules/read-package-json/read-json.js:338:5)
6 verbose stack     at then (/Users/timothymalcham/.nvm/versions/io.js/v1.7.1/lib/node_modules/npm/node_modules/read-package-json/read-json.js:113:5)
6 verbose stack     at /Users/timothymalcham/.nvm/versions/io.js/v1.7.1/lib/node_modules/npm/node_modules/read-package-json/read-json.js:300:12
6 verbose stack     at FSReqWrap.readFileAfterClose [as oncomplete] (evalmachine.<anonymous>:380:3)
7 verbose cwd /Users/timothymalcham/dev/personal-site
8 error Darwin 14.3.0
9 error argv "/Users/timothymalcham/.nvm/versions/io.js/v1.7.1/bin/iojs" "/Users/timothymalcham/.nvm/versions/io.js/v1.7.1/bin/npm" "install"
10 error node v1.7.1
11 error npm  v2.13.3
12 error Invalid name: "Personal Site"
13 error If you need help, you may report this error at:
13 error     <https://github.com/npm/npm/issues>
14 verbose exit [ 1, true ]
